mode: atomic
github.com/IBM/ibmcloud-storage-volume-lib/lib/utils/error_types.go:42.37,44.8 2 2
github.com/IBM/ibmcloud-storage-volume-lib/lib/utils/error_types.go:47.2,47.24 1 2
github.com/IBM/ibmcloud-storage-volume-lib/lib/utils/error_types.go:44.8,46.3 1 0
github.com/IBM/ibmcloud-storage-volume-lib/lib/utils/error_utils.go:26.79,28.2 1 18
github.com/IBM/ibmcloud-storage-volume-lib/lib/utils/error_utils.go:34.123,35.16 1 22
github.com/IBM/ibmcloud-storage-volume-lib/lib/utils/error_utils.go:38.2,39.28 2 22
github.com/IBM/ibmcloud-storage-volume-lib/lib/utils/error_utils.go:49.2,56.3 1 22
github.com/IBM/ibmcloud-storage-volume-lib/lib/utils/error_utils.go:35.16,37.3 1 2
github.com/IBM/ibmcloud-storage-volume-lib/lib/utils/error_utils.go:39.28,40.15 1 28
github.com/IBM/ibmcloud-storage-volume-lib/lib/utils/error_utils.go:40.15,42.47 2 22
github.com/IBM/ibmcloud-storage-volume-lib/lib/utils/error_utils.go:42.47,43.35 1 4
github.com/IBM/ibmcloud-storage-volume-lib/lib/utils/error_utils.go:43.35,45.6 1 6
github.com/IBM/ibmcloud-storage-volume-lib/lib/utils/error_utils.go:61.48,62.75 1 6
github.com/IBM/ibmcloud-storage-volume-lib/lib/utils/error_utils.go:65.2,65.19 1 3
github.com/IBM/ibmcloud-storage-volume-lib/lib/utils/error_utils.go:62.75,64.3 1 3
github.com/IBM/ibmcloud-storage-volume-lib/lib/utils/error_utils.go:69.55,70.50 1 2
github.com/IBM/ibmcloud-storage-volume-lib/lib/utils/error_utils.go:75.2,75.37 1 1
github.com/IBM/ibmcloud-storage-volume-lib/lib/utils/error_utils.go:70.50,71.38 1 1
github.com/IBM/ibmcloud-storage-volume-lib/lib/utils/error_utils.go:71.38,73.4 1 1
github.com/IBM/ibmcloud-storage-volume-lib/lib/utils/error_utils.go:80.46,81.16 1 4
github.com/IBM/ibmcloud-storage-volume-lib/lib/utils/error_utils.go:84.2,84.50 1 2
github.com/IBM/ibmcloud-storage-volume-lib/lib/utils/error_utils.go:87.2,90.3 1 1
github.com/IBM/ibmcloud-storage-volume-lib/lib/utils/error_utils.go:81.16,83.3 1 2
github.com/IBM/ibmcloud-storage-volume-lib/lib/utils/error_utils.go:84.50,86.3 1 1
github.com/IBM/ibmcloud-storage-volume-lib/lib/utils/error_utils.go:95.48,96.18 1 2
github.com/IBM/ibmcloud-storage-volume-lib/lib/utils/error_utils.go:99.2,99.38 1 1
github.com/IBM/ibmcloud-storage-volume-lib/lib/utils/error_utils.go:96.18,98.3 1 1
github.com/IBM/ibmcloud-storage-volume-lib/lib/utils/error_utils.go:103.64,105.74 2 4
github.com/IBM/ibmcloud-storage-volume-lib/lib/utils/error_utils.go:108.2,109.33 2 3
github.com/IBM/ibmcloud-storage-volume-lib/lib/utils/error_utils.go:112.2,113.12 2 1
github.com/IBM/ibmcloud-storage-volume-lib/lib/utils/error_utils.go:105.74,107.3 1 1
github.com/IBM/ibmcloud-storage-volume-lib/lib/utils/error_utils.go:109.33,111.3 1 2
github.com/IBM/ibmcloud-storage-volume-lib/lib/utils/error_utils.go:119.40,120.50 1 3
github.com/IBM/ibmcloud-storage-volume-lib/lib/utils/error_utils.go:126.2,126.23 1 2
github.com/IBM/ibmcloud-storage-volume-lib/lib/utils/error_utils.go:120.50,124.3 1 1
github.com/IBM/ibmcloud-storage-volume-lib/lib/utils/error_utils.go:137.101,143.2 1 0
github.com/IBM/ibmcloud-storage-volume-lib/lib/utils/error_utils.go:146.76,149.20 3 0
github.com/IBM/ibmcloud-storage-volume-lib/lib/utils/error_utils.go:166.2,166.12 1 0
github.com/IBM/ibmcloud-storage-volume-lib/lib/utils/error_utils.go:149.20,152.17 3 0
github.com/IBM/ibmcloud-storage-volume-lib/lib/utils/error_utils.go:155.3,155.17 1 0
github.com/IBM/ibmcloud-storage-volume-lib/lib/utils/error_utils.go:159.3,159.32 1 0
github.com/IBM/ibmcloud-storage-volume-lib/lib/utils/error_utils.go:162.3,163.58 2 0
github.com/IBM/ibmcloud-storage-volume-lib/lib/utils/error_utils.go:152.17,153.9 1 0
github.com/IBM/ibmcloud-storage-volume-lib/lib/utils/error_utils.go:155.17,157.4 1 0
github.com/IBM/ibmcloud-storage-volume-lib/lib/utils/error_utils.go:159.32,160.9 1 0
github.com/IBM/ibmcloud-storage-volume-lib/lib/utils/messages.go:29.35,31.2 1 2
github.com/IBM/ibmcloud-storage-volume-lib/lib/utils/messages.go:34.34,36.2 1 2
github.com/IBM/ibmcloud-storage-volume-lib/lib/utils/time_tracker.go:20.56,24.2 2 1
github.com/IBM/ibmcloud-storage-volume-lib/lib/utils/data_utils.go:15.40,16.14 1 2
github.com/IBM/ibmcloud-storage-volume-lib/lib/utils/data_utils.go:19.2,19.11 1 1
github.com/IBM/ibmcloud-storage-volume-lib/lib/utils/data_utils.go:16.14,18.3 1 1
github.com/IBM/ibmcloud-storage-volume-lib/lib/utils/data_utils.go:24.37,26.2 1 1
github.com/IBM/ibmcloud-storage-volume-lib/config/config.go:23.32,25.2 1 9
github.com/IBM/ibmcloud-storage-volume-lib/config/config.go:28.25,29.46 1 6
github.com/IBM/ibmcloud-storage-volume-lib/config/config.go:32.2,32.11 1 4
github.com/IBM/ibmcloud-storage-volume-lib/config/config.go:29.46,31.3 1 2
github.com/IBM/ibmcloud-storage-volume-lib/config/config.go:46.71,48.20 1 2
github.com/IBM/ibmcloud-storage-volume-lib/config/config.go:53.2,58.19 4 2
github.com/IBM/ibmcloud-storage-volume-lib/config/config.go:48.20,50.3 1 1
github.com/IBM/ibmcloud-storage-volume-lib/config/config.go:62.27,63.62 1 2
github.com/IBM/ibmcloud-storage-volume-lib/config/config.go:67.2,67.29 1 1
github.com/IBM/ibmcloud-storage-volume-lib/config/config.go:63.62,65.3 1 1
github.com/IBM/ibmcloud-storage-volume-lib/config/config.go:71.30,72.62 1 0
github.com/IBM/ibmcloud-storage-volume-lib/config/config.go:76.2,76.21 1 0
github.com/IBM/ibmcloud-storage-volume-lib/config/config.go:72.62,74.3 1 0
github.com/IBM/ibmcloud-storage-volume-lib/config/config.go:80.34,82.2 1 3
github.com/IBM/ibmcloud-storage-volume-lib/config/config.go:85.79,87.16 2 5
github.com/IBM/ibmcloud-storage-volume-lib/config/config.go:91.2,92.16 2 5
github.com/IBM/ibmcloud-storage-volume-lib/config/config.go:95.2,95.12 1 5
github.com/IBM/ibmcloud-storage-volume-lib/config/config.go:87.16,89.3 1 1
github.com/IBM/ibmcloud-storage-volume-lib/config/config.go:92.16,94.3 1 0
github.com/IBM/ibmcloud-storage-volume-lib/config/config.go:168.26,173.2 3 4
github.com/IBM/ibmcloud-storage-volume-lib/config/config.go:179.83,185.2 5 0
github.com/IBM/ibmcloud-storage-volume-lib/config/tls.go:20.50,37.2 2 1
github.com/IBM/ibmcloud-storage-volume-lib/config/tls.go:40.82,54.2 2 1
github.com/IBM/ibmcloud-storage-volume-lib/volume-providers/auth/ims_token.go:32.133,35.16 2 0
github.com/IBM/ibmcloud-storage-volume-lib/volume-providers/auth/ims_token.go:41.2,42.16 2 0
github.com/IBM/ibmcloud-storage-volume-lib/volume-providers/auth/ims_token.go:48.2,48.39 1 0
github.com/IBM/ibmcloud-storage-volume-lib/volume-providers/auth/ims_token.go:35.16,39.3 2 0
github.com/IBM/ibmcloud-storage-volume-lib/volume-providers/auth/ims_token.go:42.16,46.3 2 0
github.com/IBM/ibmcloud-storage-volume-lib/volume-providers/auth/ims_token.go:52.138,55.16 2 0
github.com/IBM/ibmcloud-storage-volume-lib/volume-providers/auth/ims_token.go:61.2,61.49 1 0
github.com/IBM/ibmcloud-storage-volume-lib/volume-providers/auth/ims_token.go:55.16,59.3 2 0
github.com/IBM/ibmcloud-storage-volume-lib/volume-providers/auth/ims_token.go:65.129,68.16 2 0
github.com/IBM/ibmcloud-storage-volume-lib/volume-providers/auth/ims_token.go:72.2,73.16 2 0
github.com/IBM/ibmcloud-storage-volume-lib/volume-providers/auth/ims_token.go:78.2,78.61 1 0
github.com/IBM/ibmcloud-storage-volume-lib/volume-providers/auth/ims_token.go:68.16,71.3 2 0
github.com/IBM/ibmcloud-storage-volume-lib/volume-providers/auth/ims_token.go:73.16,76.3 2 0
github.com/IBM/ibmcloud-storage-volume-lib/volume-providers/auth/ims_token.go:82.91,89.2 1 0
github.com/IBM/ibmcloud-storage-volume-lib/volume-providers/auth/ims_token.go:92.106,98.2 1 0
github.com/IBM/ibmcloud-storage-volume-lib/volume-providers/auth/apikey.go:20.147,27.2 1 1
github.com/IBM/ibmcloud-storage-volume-lib/volume-providers/auth/factory.go:29.186,31.16 2 1
github.com/IBM/ibmcloud-storage-volume-lib/volume-providers/auth/factory.go:35.2,39.8 1 1
github.com/IBM/ibmcloud-storage-volume-lib/volume-providers/auth/factory.go:31.16,33.3 1 0
github.com/IBM/ibmcloud-storage-volume-lib/volume-providers/iam/token_exchange.go:38.130,43.2 1 1
github.com/IBM/ibmcloud-storage-volume-lib/volume-providers/iam/token_exchange.go:46.95,48.16 2 16
github.com/IBM/ibmcloud-storage-volume-lib/volume-providers/iam/token_exchange.go:51.2,54.8 1 16
github.com/IBM/ibmcloud-storage-volume-lib/volume-providers/iam/token_exchange.go:48.16,50.3 1 0
github.com/IBM/ibmcloud-storage-volume-lib/volume-providers/iam/token_exchange.go:74.132,81.2 4 5
github.com/IBM/ibmcloud-storage-volume-lib/volume-providers/iam/token_exchange.go:84.129,92.2 5 5
github.com/IBM/ibmcloud-storage-volume-lib/volume-providers/iam/token_exchange.go:95.120,103.2 5 1
github.com/IBM/ibmcloud-storage-volume-lib/volume-providers/iam/token_exchange.go:106.126,113.2 4 4
github.com/IBM/ibmcloud-storage-volume-lib/volume-providers/iam/token_exchange.go:116.79,119.55 3 9
github.com/IBM/ibmcloud-storage-volume-lib/volume-providers/iam/token_exchange.go:123.2,123.16 1 9
github.com/IBM/ibmcloud-storage-volume-lib/volume-providers/iam/token_exchange.go:126.2,126.54 1 2
github.com/IBM/ibmcloud-storage-volume-lib/volume-providers/iam/token_exchange.go:119.55,122.3 2 9
github.com/IBM/ibmcloud-storage-volume-lib/volume-providers/iam/token_exchange.go:123.16,125.3 1 7
github.com/IBM/ibmcloud-storage-volume-lib/volume-providers/iam/token_exchange.go:130.73,133.55 3 6
github.com/IBM/ibmcloud-storage-volume-lib/volume-providers/iam/token_exchange.go:138.2,138.16 1 6
github.com/IBM/ibmcloud-storage-volume-lib/volume-providers/iam/token_exchange.go:141.2,144.8 1 1
github.com/IBM/ibmcloud-storage-volume-lib/volume-providers/iam/token_exchange.go:133.55,136.3 2 6
github.com/IBM/ibmcloud-storage-volume-lib/volume-providers/iam/token_exchange.go:138.16,140.3 1 5
github.com/IBM/ibmcloud-storage-volume-lib/volume-providers/iam/token_exchange.go:148.100,159.2 4 15
github.com/IBM/ibmcloud-storage-volume-lib/volume-providers/iam/token_exchange.go:162.91,183.16 8 15
github.com/IBM/ibmcloud-storage-volume-lib/volume-providers/iam/token_exchange.go:193.2,193.43 1 10
github.com/IBM/ibmcloud-storage-volume-lib/volume-providers/iam/token_exchange.go:200.2,200.31 1 7
github.com/IBM/ibmcloud-storage-volume-lib/volume-providers/iam/token_exchange.go:219.2,224.45 2 3
github.com/IBM/ibmcloud-storage-volume-lib/volume-providers/iam/token_exchange.go:183.16,191.3 2 5
github.com/IBM/ibmcloud-storage-volume-lib/volume-providers/iam/token_exchange.go:193.43,196.3 2 3
github.com/IBM/ibmcloud-storage-volume-lib/volume-providers/iam/token_exchange.go:200.31,211.84 3 4
github.com/IBM/ibmcloud-storage-volume-lib/volume-providers/iam/token_exchange.go:216.3,216.18 1 4
github.com/IBM/ibmcloud-storage-volume-lib/volume-providers/iam/token_exchange.go:211.84,214.4 1 1
github.com/IBM/ibmcloud-storage-volume-lib/volume-providers/iam/token_exchange.go:227.40,229.2 1 15
github.com/IBM/ibmcloud-storage-volume-lib/volume-providers/iam/token_validation.go:29.138,33.16 2 1
github.com/IBM/ibmcloud-storage-volume-lib/volume-providers/iam/token_validation.go:36.2,43.33 4 1
github.com/IBM/ibmcloud-storage-volume-lib/volume-providers/iam/token_validation.go:48.2,51.8 3 1
github.com/IBM/ibmcloud-storage-volume-lib/volume-providers/iam/token_validation.go:33.16,35.3 1 0
github.com/IBM/ibmcloud-storage-volume-lib/volume-providers/iam/token_validation.go:43.33,46.3 2 0
github.com/IBM/ibmcloud-storage-volume-lib/volume-providers/vpc/vpcclient/client/params.go:17.31,19.22 2 19
github.com/IBM/ibmcloud-storage-volume-lib/volume-providers/vpc/vpcclient/client/params.go:22.2,22.15 1 19
github.com/IBM/ibmcloud-storage-volume-lib/volume-providers/vpc/vpcclient/client/params.go:19.22,21.3 1 2
github.com/IBM/ibmcloud-storage-volume-lib/volume-providers/vpc/vpcclient/client/request.go:71.33,73.33 2 17
github.com/IBM/ibmcloud-storage-volume-lib/volume-providers/vpc/vpcclient/client/request.go:76.2,76.13 1 17
github.com/IBM/ibmcloud-storage-volume-lib/volume-providers/vpc/vpcclient/client/request.go:73.33,75.3 1 0
github.com/IBM/ibmcloud-storage-volume-lib/volume-providers/vpc/vpcclient/client/request.go:80.32,82.20 2 18
github.com/IBM/ibmcloud-storage-volume-lib/volume-providers/vpc/vpcclient/client/request.go:85.2,85.43 1 17
github.com/IBM/ibmcloud-storage-volume-lib/volume-providers/vpc/vpcclient/client/request.go:88.2,89.20 2 17
github.com/IBM/ibmcloud-storage-volume-lib/volume-providers/vpc/vpcclient/client/request.go:92.2,95.29 3 16
github.com/IBM/ibmcloud-storage-volume-lib/volume-providers/vpc/vpcclient/client/request.go:82.20,84.3 1 1
github.com/IBM/ibmcloud-storage-volume-lib/volume-providers/vpc/vpcclient/client/request.go:85.43,87.3 1 16
github.com/IBM/ibmcloud-storage-volume-lib/volume-providers/vpc/vpcclient/client/request.go:89.20,91.3 1 1
github.com/IBM/ibmcloud-storage-volume-lib/volume-providers/vpc/vpcclient/client/request.go:99.62,102.2 2 0
github.com/IBM/ibmcloud-storage-volume-lib/volume-providers/vpc/vpcclient/client/request.go:105.61,106.26 1 3
github.com/IBM/ibmcloud-storage-volume-lib/volume-providers/vpc/vpcclient/client/request.go:109.2,110.10 2 3
github.com/IBM/ibmcloud-storage-volume-lib/volume-providers/vpc/vpcclient/client/request.go:106.26,108.3 1 0
github.com/IBM/ibmcloud-storage-volume-lib/volume-providers/vpc/vpcclient/client/request.go:114.52,115.90 1 1
github.com/IBM/ibmcloud-storage-volume-lib/volume-providers/vpc/vpcclient/client/request.go:127.2,127.10 1 1
github.com/IBM/ibmcloud-storage-volume-lib/volume-providers/vpc/vpcclient/client/request.go:115.90,119.28 3 0
github.com/IBM/ibmcloud-storage-volume-lib/volume-providers/vpc/vpcclient/client/request.go:123.3,123.50 1 0
github.com/IBM/ibmcloud-storage-volume-lib/volume-providers/vpc/vpcclient/client/request.go:119.28,121.4 1 0
github.com/IBM/ibmcloud-storage-volume-lib/volume-providers/vpc/vpcclient/client/request.go:124.8,126.3 1 1
github.com/IBM/ibmcloud-storage-volume-lib/volume-providers/vpc/vpcclient/client/request.go:132.79,135.2 2 1
github.com/IBM/ibmcloud-storage-volume-lib/volume-providers/vpc/vpcclient/client/request.go:139.62,142.2 2 3
github.com/IBM/ibmcloud-storage-volume-lib/volume-providers/vpc/vpcclient/client/request.go:146.54,149.2 2 6
github.com/IBM/ibmcloud-storage-volume-lib/volume-providers/vpc/vpcclient/client/request.go:152.52,154.16 2 11
github.com/IBM/ibmcloud-storage-volume-lib/volume-providers/vpc/vpcclient/client/request.go:158.2,159.27 2 11
github.com/IBM/ibmcloud-storage-volume-lib/volume-providers/vpc/vpcclient/client/request.go:170.2,171.16 2 11
github.com/IBM/ibmcloud-storage-volume-lib/volume-providers/vpc/vpcclient/client/request.go:175.2,175.30 1 11
github.com/IBM/ibmcloud-storage-volume-lib/volume-providers/vpc/vpcclient/client/request.go:179.2,182.16 3 11
github.com/IBM/ibmcloud-storage-volume-lib/volume-providers/vpc/vpcclient/client/request.go:185.2,189.9 3 11
github.com/IBM/ibmcloud-storage-volume-lib/volume-providers/vpc/vpcclient/client/request.go:207.2,207.18 1 11
github.com/IBM/ibmcloud-storage-volume-lib/volume-providers/vpc/vpcclient/client/request.go:154.16,156.3 1 0
github.com/IBM/ibmcloud-storage-volume-lib/volume-providers/vpc/vpcclient/client/request.go:159.27,161.17 2 2
github.com/IBM/ibmcloud-storage-volume-lib/volume-providers/vpc/vpcclient/client/request.go:165.3,165.69 1 2
github.com/IBM/ibmcloud-storage-volume-lib/volume-providers/vpc/vpcclient/client/request.go:161.17,163.4 1 0
github.com/IBM/ibmcloud-storage-volume-lib/volume-providers/vpc/vpcclient/client/request.go:165.69,167.4 1 2
github.com/IBM/ibmcloud-storage-volume-lib/volume-providers/vpc/vpcclient/client/request.go:171.16,173.3 1 0
github.com/IBM/ibmcloud-storage-volume-lib/volume-providers/vpc/vpcclient/client/request.go:175.30,177.3 1 46
github.com/IBM/ibmcloud-storage-volume-lib/volume-providers/vpc/vpcclient/client/request.go:182.16,184.3 1 0
github.com/IBM/ibmcloud-storage-volume-lib/volume-providers/vpc/vpcclient/client/request.go:190.47,191.8 1 0
github.com/IBM/ibmcloud-storage-volume-lib/volume-providers/vpc/vpcclient/client/request.go:193.56,194.31 1 9
github.com/IBM/ibmcloud-storage-volume-lib/volume-providers/vpc/vpcclient/client/request.go:198.10,199.29 1 2
github.com/IBM/ibmcloud-storage-volume-lib/volume-providers/vpc/vpcclient/client/request.go:194.31,196.4 1 1
github.com/IBM/ibmcloud-storage-volume-lib/volume-providers/vpc/vpcclient/client/request.go:199.29,201.18 2 2
github.com/IBM/ibmcloud-storage-volume-lib/volume-providers/vpc/vpcclient/client/request.go:201.18,203.5 1 2
github.com/IBM/ibmcloud-storage-volume-lib/volume-providers/vpc/vpcclient/client/request.go:210.51,211.26 1 11
github.com/IBM/ibmcloud-storage-volume-lib/volume-providers/vpc/vpcclient/client/request.go:215.2,217.16 3 11
github.com/IBM/ibmcloud-storage-volume-lib/volume-providers/vpc/vpcclient/client/request.go:222.2,223.15 2 11
github.com/IBM/ibmcloud-storage-volume-lib/volume-providers/vpc/vpcclient/client/request.go:211.26,213.3 1 0
github.com/IBM/ibmcloud-storage-volume-lib/volume-providers/vpc/vpcclient/client/request.go:217.16,220.3 2 0
github.com/IBM/ibmcloud-storage-volume-lib/volume-providers/vpc/vpcclient/client/request.go:223.15,225.3 1 1
github.com/IBM/ibmcloud-storage-volume-lib/volume-providers/vpc/vpcclient/client/request.go:228.54,229.26 1 11
github.com/IBM/ibmcloud-storage-volume-lib/volume-providers/vpc/vpcclient/client/request.go:233.2,234.16 2 11
github.com/IBM/ibmcloud-storage-volume-lib/volume-providers/vpc/vpcclient/client/request.go:239.2,239.95 1 11
github.com/IBM/ibmcloud-storage-volume-lib/volume-providers/vpc/vpcclient/client/request.go:229.26,231.3 1 0
github.com/IBM/ibmcloud-storage-volume-lib/volume-providers/vpc/vpcclient/client/request.go:234.16,237.3 2 0
github.com/IBM/ibmcloud-storage-volume-lib/volume-providers/vpc/vpcclient/client/request.go:242.62,244.2 1 23
github.com/IBM/ibmcloud-storage-volume-lib/volume-providers/vpc/vpcclient/client/request.go:249.36,266.2 11 22
github.com/IBM/ibmcloud-storage-volume-lib/volume-providers/vpc/vpcclient/client/request.go:268.65,271.2 2 66
github.com/IBM/ibmcloud-storage-volume-lib/volume-providers/vpc/vpcclient/client/authentication.go:27.64,30.23 2 11
github.com/IBM/ibmcloud-storage-volume-lib/volume-providers/vpc/vpcclient/client/authentication.go:33.2,34.12 2 11
github.com/IBM/ibmcloud-storage-volume-lib/volume-providers/vpc/vpcclient/client/authentication.go:30.23,32.3 1 0
github.com/IBM/ibmcloud-storage-volume-lib/volume-providers/vpc/vpcclient/client/client.go:49.123,54.25 2 20
github.com/IBM/ibmcloud-storage-volume-lib/volume-providers/vpc/vpcclient/client/client.go:57.2,65.3 1 20
github.com/IBM/ibmcloud-storage-volume-lib/volume-providers/vpc/vpcclient/client/client.go:54.25,56.3 1 20
github.com/IBM/ibmcloud-storage-volume-lib/volume-providers/vpc/vpcclient/client/client.go:69.60,73.23 4 18
github.com/IBM/ibmcloud-storage-volume-lib/volume-providers/vpc/vpcclient/client/client.go:78.2,79.34 2 18
github.com/IBM/ibmcloud-storage-volume-lib/volume-providers/vpc/vpcclient/client/client.go:83.2,94.3 1 18
github.com/IBM/ibmcloud-storage-volume-lib/volume-providers/vpc/vpcclient/client/client.go:73.23,75.3 1 18
github.com/IBM/ibmcloud-storage-volume-lib/volume-providers/vpc/vpcclient/client/client.go:79.34,81.3 1 18
github.com/IBM/ibmcloud-storage-volume-lib/volume-providers/vpc/vpcclient/client/client.go:98.60,101.2 2 13
github.com/IBM/ibmcloud-storage-volume-lib/volume-providers/vpc/vpcclient/client/client.go:104.64,109.2 2 13
github.com/IBM/ibmcloud-storage-volume-lib/volume-providers/vpc/vpcclient/client/client.go:112.70,115.2 2 1
github.com/IBM/ibmcloud-storage-volume-lib/volume-providers/vpc/vpcclient/client/client.go:118.67,121.2 2 1
github.com/IBM/ibmcloud-storage-volume-lib/volume-providers/vpc/vpcclient/riaas/config.go:35.43,36.25 1 4
github.com/IBM/ibmcloud-storage-volume-lib/volume-providers/vpc/vpcclient/riaas/config.go:40.2,40.27 1 1
github.com/IBM/ibmcloud-storage-volume-lib/volume-providers/vpc/vpcclient/riaas/config.go:36.25,38.3 1 3
github.com/IBM/ibmcloud-storage-volume-lib/volume-providers/vpc/vpcclient/riaas/config.go:43.34,45.2 1 3
github.com/IBM/ibmcloud-storage-volume-lib/volume-providers/vpc/vpcclient/riaas/riaas.go:41.43,43.16 2 2
github.com/IBM/ibmcloud-storage-volume-lib/volume-providers/vpc/vpcclient/riaas/riaas.go:47.2,49.31 2 2
github.com/IBM/ibmcloud-storage-volume-lib/volume-providers/vpc/vpcclient/riaas/riaas.go:52.2,55.8 1 2
github.com/IBM/ibmcloud-storage-volume-lib/volume-providers/vpc/vpcclient/riaas/riaas.go:43.16,45.3 1 2
github.com/IBM/ibmcloud-storage-volume-lib/volume-providers/vpc/vpcclient/riaas/riaas.go:49.31,51.3 1 2
github.com/IBM/ibmcloud-storage-volume-lib/volume-providers/vpc/vpcclient/riaas/riaas.go:60.45,63.2 2 1
github.com/IBM/ibmcloud-storage-volume-lib/volume-providers/vpc/vpcclient/riaas/riaas.go:66.59,68.2 1 1
github.com/IBM/ibmcloud-storage-volume-lib/volume-providers/vpc/vpcclient/riaas/riaas.go:71.71,73.2 1 1
github.com/IBM/ibmcloud-storage-volume-lib/volume-providers/vpc/vpcclient/riaas/riaas.go:76.74,78.2 1 0
github.com/IBM/ibmcloud-storage-volume-lib/volume-providers/vpc/vpcclient/riaas/riaas.go:81.63,83.2 1 1
github.com/IBM/ibmcloud-storage-volume-lib/volume-providers/vpc/vpcclient/riaas/riaas.go:100.83,102.2 1 1
github.com/IBM/ibmcloud-storage-volume-lib/volume-providers/vpc/vpcclient/instances/attach_volume.go:22.153,37.16 8 3
github.com/IBM/ibmcloud-storage-volume-lib/volume-providers/vpc/vpcclient/instances/attach_volume.go:41.2,41.31 1 2
github.com/IBM/ibmcloud-storage-volume-lib/volume-providers/vpc/vpcclient/instances/attach_volume.go:37.16,39.3 1 1
github.com/IBM/ibmcloud-storage-volume-lib/volume-providers/vpc/vpcclient/instances/detach_volume.go:23.143,39.47 9 3
github.com/IBM/ibmcloud-storage-volume-lib/volume-providers/vpc/vpcclient/instances/detach_volume.go:43.2,44.16 2 3
github.com/IBM/ibmcloud-storage-volume-lib/volume-providers/vpc/vpcclient/instances/detach_volume.go:51.2,52.18 2 2
github.com/IBM/ibmcloud-storage-volume-lib/volume-providers/vpc/vpcclient/instances/detach_volume.go:39.47,42.3 1 0
github.com/IBM/ibmcloud-storage-volume-lib/volume-providers/vpc/vpcclient/instances/detach_volume.go:44.16,46.60 2 1
github.com/IBM/ibmcloud-storage-volume-lib/volume-providers/vpc/vpcclient/instances/detach_volume.go:46.60,49.4 1 1
github.com/IBM/ibmcloud-storage-volume-lib/volume-providers/vpc/vpcclient/instances/get_volume_attachment.go:22.160,38.47 10 0
github.com/IBM/ibmcloud-storage-volume-lib/volume-providers/vpc/vpcclient/instances/get_volume_attachment.go:42.2,43.16 2 0
github.com/IBM/ibmcloud-storage-volume-lib/volume-providers/vpc/vpcclient/instances/get_volume_attachment.go:47.2,48.31 2 0
github.com/IBM/ibmcloud-storage-volume-lib/volume-providers/vpc/vpcclient/instances/get_volume_attachment.go:38.47,41.3 1 0
github.com/IBM/ibmcloud-storage-volume-lib/volume-providers/vpc/vpcclient/instances/get_volume_attachment.go:43.16,46.3 2 0
github.com/IBM/ibmcloud-storage-volume-lib/volume-providers/vpc/vpcclient/instances/list_volume_attachments.go:22.165,38.47 9 3
github.com/IBM/ibmcloud-storage-volume-lib/volume-providers/vpc/vpcclient/instances/list_volume_attachments.go:42.2,43.16 2 3
github.com/IBM/ibmcloud-storage-volume-lib/volume-providers/vpc/vpcclient/instances/list_volume_attachments.go:47.2,47.35 1 2
github.com/IBM/ibmcloud-storage-volume-lib/volume-providers/vpc/vpcclient/instances/list_volume_attachments.go:38.47,41.3 1 0
github.com/IBM/ibmcloud-storage-volume-lib/volume-providers/vpc/vpcclient/instances/list_volume_attachments.go:43.16,46.3 2 1
github.com/IBM/ibmcloud-storage-volume-lib/volume-providers/vpc/vpcclient/instances/volume_mounter_service.go:49.59,54.2 1 9
github.com/IBM/ibmcloud-storage-volume-lib/volume-providers/vpc/vpcclient/instances/volume_mounter_service.go:64.85,71.2 1 0
github.com/IBM/ibmcloud-storage-volume-lib/volume-providers/vpc/provider/get_volume_attachment.go:22.147,28.16 6 2
github.com/IBM/ibmcloud-storage-volume-lib/volume-providers/vpc/provider/get_volume_attachment.go:31.2,33.34 3 0
github.com/IBM/ibmcloud-storage-volume-lib/volume-providers/vpc/provider/get_volume_attachment.go:40.2,41.38 2 0
github.com/IBM/ibmcloud-storage-volume-lib/volume-providers/vpc/provider/get_volume_attachment.go:28.16,30.3 1 2
github.com/IBM/ibmcloud-storage-volume-lib/volume-providers/vpc/provider/get_volume_attachment.go:33.34,36.3 1 0
github.com/IBM/ibmcloud-storage-volume-lib/volume-providers/vpc/provider/get_volume_attachment.go:36.8,39.3 1 0
github.com/IBM/ibmcloud-storage-volume-lib/volume-providers/vpc/provider/get_volume_attachment.go:45.142,51.40 6 0
github.com/IBM/ibmcloud-storage-volume-lib/volume-providers/vpc/provider/get_volume_attachment.go:55.2,55.16 1 0
github.com/IBM/ibmcloud-storage-volume-lib/volume-providers/vpc/provider/get_volume_attachment.go:60.2,62.38 3 0
github.com/IBM/ibmcloud-storage-volume-lib/volume-providers/vpc/provider/get_volume_attachment.go:51.40,54.3 2 0
github.com/IBM/ibmcloud-storage-volume-lib/volume-providers/vpc/provider/get_volume_attachment.go:55.16,59.3 2 0
github.com/IBM/ibmcloud-storage-volume-lib/volume-providers/vpc/provider/get_volume_attachment.go:65.148,71.40 6 0
github.com/IBM/ibmcloud-storage-volume-lib/volume-providers/vpc/provider/get_volume_attachment.go:75.2,75.16 1 0
github.com/IBM/ibmcloud-storage-volume-lib/volume-providers/vpc/provider/get_volume_attachment.go:81.2,81.78 1 0
github.com/IBM/ibmcloud-storage-volume-lib/volume-providers/vpc/provider/get_volume_attachment.go:91.2,93.21 3 0
github.com/IBM/ibmcloud-storage-volume-lib/volume-providers/vpc/provider/get_volume_attachment.go:71.40,74.3 2 0
github.com/IBM/ibmcloud-storage-volume-lib/volume-providers/vpc/provider/get_volume_attachment.go:75.16,79.3 2 0
github.com/IBM/ibmcloud-storage-volume-lib/volume-providers/vpc/provider/get_volume_attachment.go:81.78,83.74 1 0
github.com/IBM/ibmcloud-storage-volume-lib/volume-providers/vpc/provider/get_volume_attachment.go:83.74,88.4 4 0
github.com/IBM/ibmcloud-storage-volume-lib/volume-providers/vpc/provider/list_volumes.go:19.89,25.2 3 1
github.com/IBM/ibmcloud-storage-volume-lib/volume-providers/vpc/provider/provider.go:58.83,61.44 2 51
github.com/IBM/ibmcloud-storage-volume-lib/volume-providers/vpc/provider/provider.go:65.2,72.16 3 50
github.com/IBM/ibmcloud-storage-volume-lib/volume-providers/vpc/provider/provider.go:75.2,76.50 2 50
github.com/IBM/ibmcloud-storage-volume-lib/volume-providers/vpc/provider/provider.go:80.2,81.16 2 50
github.com/IBM/ibmcloud-storage-volume-lib/volume-providers/vpc/provider/provider.go:85.2,86.16 2 50
github.com/IBM/ibmcloud-storage-volume-lib/volume-providers/vpc/provider/provider.go:91.2,107.22 4 50
github.com/IBM/ibmcloud-storage-volume-lib/volume-providers/vpc/provider/provider.go:61.44,63.3 1 1
github.com/IBM/ibmcloud-storage-volume-lib/volume-providers/vpc/provider/provider.go:72.16,74.3 1 0
github.com/IBM/ibmcloud-storage-volume-lib/volume-providers/vpc/provider/provider.go:76.50,79.3 2 1
github.com/IBM/ibmcloud-storage-volume-lib/volume-providers/vpc/provider/provider.go:81.16,83.3 1 0
github.com/IBM/ibmcloud-storage-volume-lib/volume-providers/vpc/provider/provider.go:86.16,89.3 2 0
github.com/IBM/ibmcloud-storage-volume-lib/volume-providers/vpc/provider/provider.go:111.112,114.2 1 2
github.com/IBM/ibmcloud-storage-volume-lib/volume-providers/vpc/provider/provider.go:117.161,120.15 2 3
github.com/IBM/ibmcloud-storage-volume-lib/volume-providers/vpc/provider/provider.go:125.2,125.41 1 3
github.com/IBM/ibmcloud-storage-volume-lib/volume-providers/vpc/provider/provider.go:129.2,129.34 1 1
github.com/IBM/ibmcloud-storage-volume-lib/volume-providers/vpc/provider/provider.go:133.2,133.32 1 1
github.com/IBM/ibmcloud-storage-volume-lib/volume-providers/vpc/provider/provider.go:136.2,139.16 3 1
github.com/IBM/ibmcloud-storage-volume-lib/volume-providers/vpc/provider/provider.go:144.2,145.16 2 1
github.com/IBM/ibmcloud-storage-volume-lib/volume-providers/vpc/provider/provider.go:148.2,151.16 3 1
github.com/IBM/ibmcloud-storage-volume-lib/volume-providers/vpc/provider/provider.go:156.2,156.37 1 1
github.com/IBM/ibmcloud-storage-volume-lib/volume-providers/vpc/provider/provider.go:160.2,160.33 1 1
github.com/IBM/ibmcloud-storage-volume-lib/volume-providers/vpc/provider/provider.go:165.2,175.24 2 1
github.com/IBM/ibmcloud-storage-volume-lib/volume-providers/vpc/provider/provider.go:120.15,122.3 1 3
github.com/IBM/ibmcloud-storage-volume-lib/volume-providers/vpc/provider/provider.go:125.41,127.3 1 2
github.com/IBM/ibmcloud-storage-volume-lib/volume-providers/vpc/provider/provider.go:129.34,131.3 1 1
github.com/IBM/ibmcloud-storage-volume-lib/volume-providers/vpc/provider/provider.go:133.32,135.3 1 1
github.com/IBM/ibmcloud-storage-volume-lib/volume-providers/vpc/provider/provider.go:139.16,141.3 1 0
github.com/IBM/ibmcloud-storage-volume-lib/volume-providers/vpc/provider/provider.go:145.16,147.3 1 0
github.com/IBM/ibmcloud-storage-volume-lib/volume-providers/vpc/provider/provider.go:151.16,153.3 1 0
github.com/IBM/ibmcloud-storage-volume-lib/volume-providers/vpc/provider/provider.go:156.37,159.3 2 1
github.com/IBM/ibmcloud-storage-volume-lib/volume-providers/vpc/provider/provider.go:160.33,163.3 2 1
github.com/IBM/ibmcloud-storage-volume-lib/volume-providers/vpc/provider/provider.go:179.112,180.24 1 1
github.com/IBM/ibmcloud-storage-volume-lib/volume-providers/vpc/provider/provider.go:186.2,186.8 1 1
github.com/IBM/ibmcloud-storage-volume-lib/volume-providers/vpc/provider/provider.go:181.31,182.52 1 1
github.com/IBM/ibmcloud-storage-volume-lib/volume-providers/vpc/provider/provider.go:183.10,184.39 1 0
github.com/IBM/ibmcloud-storage-volume-lib/volume-providers/vpc/provider/util.go:45.62,47.39 2 36
github.com/IBM/ibmcloud-storage-volume-lib/volume-providers/vpc/provider/util.go:74.2,74.12 1 15
github.com/IBM/ibmcloud-storage-volume-lib/volume-providers/vpc/provider/util.go:47.39,48.12 1 92
github.com/IBM/ibmcloud-storage-volume-lib/volume-providers/vpc/provider/util.go:51.3,52.17 2 92
github.com/IBM/ibmcloud-storage-volume-lib/volume-providers/vpc/provider/util.go:72.3,72.13 1 21
github.com/IBM/ibmcloud-storage-volume-lib/volume-providers/vpc/provider/util.go:48.12,50.4 1 56
github.com/IBM/ibmcloud-storage-volume-lib/volume-providers/vpc/provider/util.go:52.17,55.11 2 71
github.com/IBM/ibmcloud-storage-volume-lib/volume-providers/vpc/provider/util.go:58.4,58.29 1 6
github.com/IBM/ibmcloud-storage-volume-lib/volume-providers/vpc/provider/util.go:61.4,61.14 1 5
github.com/IBM/ibmcloud-storage-volume-lib/volume-providers/vpc/provider/util.go:67.4,67.33 1 5
github.com/IBM/ibmcloud-storage-volume-lib/volume-providers/vpc/provider/util.go:70.4,70.12 1 5
github.com/IBM/ibmcloud-storage-volume-lib/volume-providers/vpc/provider/util.go:55.11,56.13 1 65
github.com/IBM/ibmcloud-storage-volume-lib/volume-providers/vpc/provider/util.go:58.29,59.10 1 1
github.com/IBM/ibmcloud-storage-volume-lib/volume-providers/vpc/provider/util.go:61.14,63.31 2 4
github.com/IBM/ibmcloud-storage-volume-lib/volume-providers/vpc/provider/util.go:63.31,65.6 1 3
github.com/IBM/ibmcloud-storage-volume-lib/volume-providers/vpc/provider/util.go:67.33,69.5 1 4
github.com/IBM/ibmcloud-storage-volume-lib/volume-providers/vpc/provider/util.go:78.40,79.39 1 8
github.com/IBM/ibmcloud-storage-volume-lib/volume-providers/vpc/provider/util.go:85.2,85.14 1 6
github.com/IBM/ibmcloud-storage-volume-lib/volume-providers/vpc/provider/util.go:79.39,81.9 2 8
github.com/IBM/ibmcloud-storage-volume-lib/volume-providers/vpc/provider/util.go:81.9,83.4 1 2
github.com/IBM/ibmcloud-storage-volume-lib/volume-providers/vpc/provider/util.go:89.35,91.16 2 2
github.com/IBM/ibmcloud-storage-volume-lib/volume-providers/vpc/provider/util.go:94.2,94.14 1 1
github.com/IBM/ibmcloud-storage-volume-lib/volume-providers/vpc/provider/util.go:91.16,93.3 1 1
github.com/IBM/ibmcloud-storage-volume-lib/volume-providers/vpc/provider/util.go:98.39,100.16 2 7
github.com/IBM/ibmcloud-storage-volume-lib/volume-providers/vpc/provider/util.go:103.2,103.14 1 6
github.com/IBM/ibmcloud-storage-volume-lib/volume-providers/vpc/provider/util.go:100.16,102.3 1 1
github.com/IBM/ibmcloud-storage-volume-lib/volume-providers/vpc/provider/util.go:107.105,111.22 3 9
github.com/IBM/ibmcloud-storage-volume-lib/volume-providers/vpc/provider/util.go:116.2,116.27 1 7
github.com/IBM/ibmcloud-storage-volume-lib/volume-providers/vpc/provider/util.go:121.2,126.32 5 5
github.com/IBM/ibmcloud-storage-volume-lib/volume-providers/vpc/provider/util.go:130.2,138.27 2 5
github.com/IBM/ibmcloud-storage-volume-lib/volume-providers/vpc/provider/util.go:141.2,141.8 1 5
github.com/IBM/ibmcloud-storage-volume-lib/volume-providers/vpc/provider/util.go:111.22,114.3 2 2
github.com/IBM/ibmcloud-storage-volume-lib/volume-providers/vpc/provider/util.go:116.27,119.3 2 2
github.com/IBM/ibmcloud-storage-volume-lib/volume-providers/vpc/provider/util.go:126.32,128.3 1 1
github.com/IBM/ibmcloud-storage-volume-lib/volume-providers/vpc/provider/util.go:138.27,140.3 1 5
github.com/IBM/ibmcloud-storage-volume-lib/volume-providers/vpc/provider/util.go:145.47,147.38 2 10
github.com/IBM/ibmcloud-storage-volume-lib/volume-providers/vpc/provider/util.go:150.2,150.13 1 6
github.com/IBM/ibmcloud-storage-volume-lib/volume-providers/vpc/provider/util.go:147.38,149.3 1 4
github.com/IBM/ibmcloud-storage-volume-lib/volume-providers/vpc/provider/wait_for_detach_volume.go:22.110,28.16 6 0
github.com/IBM/ibmcloud-storage-volume-lib/volume-providers/vpc/provider/wait_for_detach_volume.go:31.2,34.35 4 0
github.com/IBM/ibmcloud-storage-volume-lib/volume-providers/vpc/provider/wait_for_detach_volume.go:54.2,56.16 3 0
github.com/IBM/ibmcloud-storage-volume-lib/volume-providers/vpc/provider/wait_for_detach_volume.go:28.16,30.3 1 0
github.com/IBM/ibmcloud-storage-volume-lib/volume-providers/vpc/provider/wait_for_detach_volume.go:34.35,36.20 2 0
github.com/IBM/ibmcloud-storage-volume-lib/volume-providers/vpc/provider/wait_for_detach_volume.go:50.3,52.31 3 0
github.com/IBM/ibmcloud-storage-volume-lib/volume-providers/vpc/provider/wait_for_detach_volume.go:36.20,37.47 1 0
github.com/IBM/ibmcloud-storage-volume-lib/volume-providers/vpc/provider/wait_for_detach_volume.go:37.47,38.56 1 0
github.com/IBM/ibmcloud-storage-volume-lib/volume-providers/vpc/provider/wait_for_detach_volume.go:44.5,46.19 3 0
github.com/IBM/ibmcloud-storage-volume-lib/volume-providers/vpc/provider/wait_for_detach_volume.go:38.56,42.6 2 0
github.com/IBM/ibmcloud-storage-volume-lib/volume-providers/vpc/provider/create_snapshot.go:21.124,25.26 3 8
github.com/IBM/ibmcloud-storage-volume-lib/volume-providers/vpc/provider/create_snapshot.go:29.2,36.40 5 7
github.com/IBM/ibmcloud-storage-volume-lib/volume-providers/vpc/provider/create_snapshot.go:40.2,40.16 1 7
github.com/IBM/ibmcloud-storage-volume-lib/volume-providers/vpc/provider/create_snapshot.go:44.2,44.19 1 5
github.com/IBM/ibmcloud-storage-volume-lib/volume-providers/vpc/provider/create_snapshot.go:48.2,48.40 1 4
github.com/IBM/ibmcloud-storage-volume-lib/volume-providers/vpc/provider/create_snapshot.go:52.2,52.16 1 4
github.com/IBM/ibmcloud-storage-volume-lib/volume-providers/vpc/provider/create_snapshot.go:56.2,61.27 4 3
github.com/IBM/ibmcloud-storage-volume-lib/volume-providers/vpc/provider/create_snapshot.go:70.2,70.106 1 2
github.com/IBM/ibmcloud-storage-volume-lib/volume-providers/vpc/provider/create_snapshot.go:25.26,27.3 1 1
github.com/IBM/ibmcloud-storage-volume-lib/volume-providers/vpc/provider/create_snapshot.go:36.40,39.3 2 15
github.com/IBM/ibmcloud-storage-volume-lib/volume-providers/vpc/provider/create_snapshot.go:40.16,42.3 1 2
github.com/IBM/ibmcloud-storage-volume-lib/volume-providers/vpc/provider/create_snapshot.go:44.19,46.3 1 1
github.com/IBM/ibmcloud-storage-volume-lib/volume-providers/vpc/provider/create_snapshot.go:48.40,51.3 2 8
github.com/IBM/ibmcloud-storage-volume-lib/volume-providers/vpc/provider/create_snapshot.go:52.16,54.3 1 1
github.com/IBM/ibmcloud-storage-volume-lib/volume-providers/vpc/provider/create_snapshot.go:61.27,68.3 2 1
github.com/IBM/ibmcloud-storage-volume-lib/volume-providers/vpc/provider/create_volume_from_snapshot.go:19.128,24.2 3 1
github.com/IBM/ibmcloud-storage-volume-lib/volume-providers/vpc/provider/authorize_volume.go:19.97,24.2 3 1
github.com/IBM/ibmcloud-storage-volume-lib/volume-providers/vpc/provider/error.go:49.33,51.2 1 6
github.com/IBM/ibmcloud-storage-volume-lib/volume-providers/vpc/provider/error.go:54.47,55.32 1 6
github.com/IBM/ibmcloud-storage-volume-lib/volume-providers/vpc/provider/error.go:58.2,58.29 1 5
github.com/IBM/ibmcloud-storage-volume-lib/volume-providers/vpc/provider/error.go:55.32,57.3 1 1
github.com/IBM/ibmcloud-storage-volume-lib/volume-providers/vpc/provider/error.go:62.37,64.2 1 6
github.com/IBM/ibmcloud-storage-volume-lib/volume-providers/vpc/provider/error.go:67.49,69.2 1 6
github.com/IBM/ibmcloud-storage-volume-lib/volume-providers/vpc/provider/get_volume.go:21.87,28.16 5 5
github.com/IBM/ibmcloud-storage-volume-lib/volume-providers/vpc/provider/get_volume.go:32.2,35.40 3 3
github.com/IBM/ibmcloud-storage-volume-lib/volume-providers/vpc/provider/get_volume.go:40.2,40.16 1 3
github.com/IBM/ibmcloud-storage-volume-lib/volume-providers/vpc/provider/get_volume.go:44.2,48.24 3 2
github.com/IBM/ibmcloud-storage-volume-lib/volume-providers/vpc/provider/get_volume.go:28.16,30.3 1 2
github.com/IBM/ibmcloud-storage-volume-lib/volume-providers/vpc/provider/get_volume.go:35.40,38.3 2 7
github.com/IBM/ibmcloud-storage-volume-lib/volume-providers/vpc/provider/get_volume.go:40.16,42.3 1 1
github.com/IBM/ibmcloud-storage-volume-lib/volume-providers/vpc/provider/get_volume.go:52.95,57.20 4 4
github.com/IBM/ibmcloud-storage-volume-lib/volume-providers/vpc/provider/get_volume.go:62.2,65.40 3 3
github.com/IBM/ibmcloud-storage-volume-lib/volume-providers/vpc/provider/get_volume.go:70.2,70.16 1 3
github.com/IBM/ibmcloud-storage-volume-lib/volume-providers/vpc/provider/get_volume.go:74.2,78.24 3 1
github.com/IBM/ibmcloud-storage-volume-lib/volume-providers/vpc/provider/get_volume.go:57.20,60.3 2 1
github.com/IBM/ibmcloud-storage-volume-lib/volume-providers/vpc/provider/get_volume.go:65.40,68.3 2 11
github.com/IBM/ibmcloud-storage-volume-lib/volume-providers/vpc/provider/get_volume.go:70.16,72.3 1 2
github.com/IBM/ibmcloud-storage-volume-lib/volume-providers/vpc/provider/get_volume.go:82.52,83.37 1 5
github.com/IBM/ibmcloud-storage-volume-lib/volume-providers/vpc/provider/get_volume.go:86.2,87.8 2 2
github.com/IBM/ibmcloud-storage-volume-lib/volume-providers/vpc/provider/get_volume.go:83.37,85.3 1 3
github.com/IBM/ibmcloud-storage-volume-lib/volume-providers/vpc/provider/list_all_snapshots.go:19.89,24.2 3 1
github.com/IBM/ibmcloud-storage-volume-lib/volume-providers/vpc/provider/list_snapshots.go:18.71,23.2 3 1
github.com/IBM/ibmcloud-storage-volume-lib/volume-providers/vpc/provider/delete_snapshot.go:20.75,26.16 5 2
github.com/IBM/ibmcloud-storage-volume-lib/volume-providers/vpc/provider/delete_snapshot.go:30.2,30.40 1 2
github.com/IBM/ibmcloud-storage-volume-lib/volume-providers/vpc/provider/delete_snapshot.go:35.2,35.16 1 2
github.com/IBM/ibmcloud-storage-volume-lib/volume-providers/vpc/provider/delete_snapshot.go:39.2,40.12 2 1
github.com/IBM/ibmcloud-storage-volume-lib/volume-providers/vpc/provider/delete_snapshot.go:26.16,28.3 1 0
github.com/IBM/ibmcloud-storage-volume-lib/volume-providers/vpc/provider/delete_snapshot.go:30.40,33.3 2 6
github.com/IBM/ibmcloud-storage-volume-lib/volume-providers/vpc/provider/delete_snapshot.go:35.16,37.3 1 1
github.com/IBM/ibmcloud-storage-volume-lib/volume-providers/vpc/provider/detach_volume.go:23.121,29.16 6 0
github.com/IBM/ibmcloud-storage-volume-lib/volume-providers/vpc/provider/detach_volume.go:33.2,37.66 4 0
github.com/IBM/ibmcloud-storage-volume-lib/volume-providers/vpc/provider/detach_volume.go:55.2,60.22 3 0
github.com/IBM/ibmcloud-storage-volume-lib/volume-providers/vpc/provider/detach_volume.go:29.16,31.3 1 0
github.com/IBM/ibmcloud-storage-volume-lib/volume-providers/vpc/provider/detach_volume.go:37.66,43.41 5 0
github.com/IBM/ibmcloud-storage-volume-lib/volume-providers/vpc/provider/detach_volume.go:47.3,47.17 1 0
github.com/IBM/ibmcloud-storage-volume-lib/volume-providers/vpc/provider/detach_volume.go:52.3,53.23 2 0
github.com/IBM/ibmcloud-storage-volume-lib/volume-providers/vpc/provider/detach_volume.go:43.41,46.4 2 0
github.com/IBM/ibmcloud-storage-volume-lib/volume-providers/vpc/provider/detach_volume.go:47.17,51.4 3 0
github.com/IBM/ibmcloud-storage-volume-lib/volume-providers/vpc/provider/delete_volume.go:20.75,26.16 5 4
github.com/IBM/ibmcloud-storage-volume-lib/volume-providers/vpc/provider/delete_volume.go:30.2,31.40 2 2
github.com/IBM/ibmcloud-storage-volume-lib/volume-providers/vpc/provider/delete_volume.go:36.2,36.16 1 2
github.com/IBM/ibmcloud-storage-volume-lib/volume-providers/vpc/provider/delete_volume.go:40.2,41.12 2 1
github.com/IBM/ibmcloud-storage-volume-lib/volume-providers/vpc/provider/delete_volume.go:26.16,28.3 1 2
github.com/IBM/ibmcloud-storage-volume-lib/volume-providers/vpc/provider/delete_volume.go:31.40,34.3 2 6
github.com/IBM/ibmcloud-storage-volume-lib/volume-providers/vpc/provider/delete_volume.go:36.16,38.3 1 1
github.com/IBM/ibmcloud-storage-volume-lib/volume-providers/vpc/provider/delete_volume.go:45.58,46.19 1 4
github.com/IBM/ibmcloud-storage-volume-lib/volume-providers/vpc/provider/delete_volume.go:51.2,51.44 1 3
github.com/IBM/ibmcloud-storage-volume-lib/volume-providers/vpc/provider/delete_volume.go:54.2,55.8 2 1
github.com/IBM/ibmcloud-storage-volume-lib/volume-providers/vpc/provider/delete_volume.go:46.19,49.3 2 1
github.com/IBM/ibmcloud-storage-volume-lib/volume-providers/vpc/provider/delete_volume.go:51.44,53.3 1 2
github.com/IBM/ibmcloud-storage-volume-lib/volume-providers/vpc/provider/get_snapshot.go:21.84,26.2 3 3
github.com/IBM/ibmcloud-storage-volume-lib/volume-providers/vpc/provider/get_snapshot.go:29.113,36.40 5 2
github.com/IBM/ibmcloud-storage-volume-lib/volume-providers/vpc/provider/get_snapshot.go:41.2,41.16 1 2
github.com/IBM/ibmcloud-storage-volume-lib/volume-providers/vpc/provider/get_snapshot.go:45.2,48.16 3 1
github.com/IBM/ibmcloud-storage-volume-lib/volume-providers/vpc/provider/get_snapshot.go:52.2,58.26 3 1
github.com/IBM/ibmcloud-storage-volume-lib/volume-providers/vpc/provider/get_snapshot.go:36.40,39.3 2 6
github.com/IBM/ibmcloud-storage-volume-lib/volume-providers/vpc/provider/get_snapshot.go:41.16,43.3 1 1
github.com/IBM/ibmcloud-storage-volume-lib/volume-providers/vpc/provider/get_snapshot.go:48.16,50.3 1 0
github.com/IBM/ibmcloud-storage-volume-lib/volume-providers/vpc/provider/get_volume_with_request_id.go:19.90,24.2 3 1
github.com/IBM/ibmcloud-storage-volume-lib/volume-providers/vpc/provider/order_snapshot.go:21.76,32.40 7 4
github.com/IBM/ibmcloud-storage-volume-lib/volume-providers/vpc/provider/order_snapshot.go:36.2,36.16 1 4
github.com/IBM/ibmcloud-storage-volume-lib/volume-providers/vpc/provider/order_snapshot.go:39.2,41.40 2 3
github.com/IBM/ibmcloud-storage-volume-lib/volume-providers/vpc/provider/order_snapshot.go:45.2,45.16 1 3
github.com/IBM/ibmcloud-storage-volume-lib/volume-providers/vpc/provider/order_snapshot.go:49.2,50.12 2 2
github.com/IBM/ibmcloud-storage-volume-lib/volume-providers/vpc/provider/order_snapshot.go:32.40,35.3 2 8
github.com/IBM/ibmcloud-storage-volume-lib/volume-providers/vpc/provider/order_snapshot.go:36.16,38.3 1 1
github.com/IBM/ibmcloud-storage-volume-lib/volume-providers/vpc/provider/order_snapshot.go:41.40,44.3 2 7
github.com/IBM/ibmcloud-storage-volume-lib/volume-providers/vpc/provider/order_snapshot.go:45.16,47.3 1 1
github.com/IBM/ibmcloud-storage-volume-lib/volume-providers/vpc/provider/session.go:49.29,51.2 0 1
github.com/IBM/ibmcloud-storage-volume-lib/volume-providers/vpc/provider/session.go:54.74,56.2 1 1
github.com/IBM/ibmcloud-storage-volume-lib/volume-providers/vpc/provider/session.go:59.64,61.2 1 1
github.com/IBM/ibmcloud-storage-volume-lib/volume-providers/vpc/provider/session.go:64.52,66.2 1 1
github.com/IBM/ibmcloud-storage-volume-lib/volume-providers/vpc/provider/token_generator.go:43.69,45.15 2 6
github.com/IBM/ibmcloud-storage-volume-lib/volume-providers/vpc/provider/token_generator.go:49.2,49.26 1 6
github.com/IBM/ibmcloud-storage-volume-lib/volume-providers/vpc/provider/token_generator.go:53.2,56.16 3 2
github.com/IBM/ibmcloud-storage-volume-lib/volume-providers/vpc/provider/token_generator.go:61.2,62.16 2 1
github.com/IBM/ibmcloud-storage-volume-lib/volume-providers/vpc/provider/token_generator.go:67.2,69.8 2 1
github.com/IBM/ibmcloud-storage-volume-lib/volume-providers/vpc/provider/token_generator.go:45.15,47.3 1 6
github.com/IBM/ibmcloud-storage-volume-lib/volume-providers/vpc/provider/token_generator.go:49.26,51.3 1 4
github.com/IBM/ibmcloud-storage-volume-lib/volume-providers/vpc/provider/token_generator.go:56.16,59.3 2 1
github.com/IBM/ibmcloud-storage-volume-lib/volume-providers/vpc/provider/token_generator.go:62.16,65.3 2 0
github.com/IBM/ibmcloud-storage-volume-lib/volume-providers/vpc/provider/token_generator.go:73.149,75.15 2 6
github.com/IBM/ibmcloud-storage-volume-lib/volume-providers/vpc/provider/token_generator.go:79.2,80.16 2 6
github.com/IBM/ibmcloud-storage-volume-lib/volume-providers/vpc/provider/token_generator.go:84.2,91.9 2 5
github.com/IBM/ibmcloud-storage-volume-lib/volume-providers/vpc/provider/token_generator.go:106.2,109.8 3 4
github.com/IBM/ibmcloud-storage-volume-lib/volume-providers/vpc/provider/token_generator.go:75.15,77.3 1 6
github.com/IBM/ibmcloud-storage-volume-lib/volume-providers/vpc/provider/token_generator.go:80.16,82.3 1 1
github.com/IBM/ibmcloud-storage-volume-lib/volume-providers/vpc/provider/token_generator.go:92.39,96.9 4 1
github.com/IBM/ibmcloud-storage-volume-lib/volume-providers/vpc/provider/token_generator.go:98.52,99.52 1 2
github.com/IBM/ibmcloud-storage-volume-lib/volume-providers/vpc/provider/token_generator.go:101.10,102.53 1 2
github.com/IBM/ibmcloud-storage-volume-lib/volume-providers/vpc/provider/token_generator.go:113.143,115.16 2 6
github.com/IBM/ibmcloud-storage-volume-lib/volume-providers/vpc/provider/token_generator.go:119.2,120.16 2 4
github.com/IBM/ibmcloud-storage-volume-lib/volume-providers/vpc/provider/token_generator.go:124.2,126.8 2 4
github.com/IBM/ibmcloud-storage-volume-lib/volume-providers/vpc/provider/token_generator.go:115.16,117.3 1 2
github.com/IBM/ibmcloud-storage-volume-lib/volume-providers/vpc/provider/token_generator.go:120.16,122.3 1 0
github.com/IBM/ibmcloud-storage-volume-lib/volume-providers/vpc/provider/attach_volume.go:31.140,37.16 6 2
github.com/IBM/ibmcloud-storage-volume-lib/volume-providers/vpc/provider/attach_volume.go:40.2,44.97 4 0
github.com/IBM/ibmcloud-storage-volume-lib/volume-providers/vpc/provider/attach_volume.go:49.2,51.40 3 0
github.com/IBM/ibmcloud-storage-volume-lib/volume-providers/vpc/provider/attach_volume.go:55.2,55.16 1 0
github.com/IBM/ibmcloud-storage-volume-lib/volume-providers/vpc/provider/attach_volume.go:59.2,61.18 3 0
github.com/IBM/ibmcloud-storage-volume-lib/volume-providers/vpc/provider/attach_volume.go:37.16,39.3 1 2
github.com/IBM/ibmcloud-storage-volume-lib/volume-providers/vpc/provider/attach_volume.go:44.97,47.3 2 0
github.com/IBM/ibmcloud-storage-volume-lib/volume-providers/vpc/provider/attach_volume.go:51.40,54.3 2 0
github.com/IBM/ibmcloud-storage-volume-lib/volume-providers/vpc/provider/attach_volume.go:55.16,58.3 2 0
github.com/IBM/ibmcloud-storage-volume-lib/volume-providers/vpc/provider/attach_volume.go:65.113,68.46 2 4
github.com/IBM/ibmcloud-storage-volume-lib/volume-providers/vpc/provider/attach_volume.go:74.2,74.44 1 2
github.com/IBM/ibmcloud-storage-volume-lib/volume-providers/vpc/provider/attach_volume.go:79.2,79.12 1 0
github.com/IBM/ibmcloud-storage-volume-lib/volume-providers/vpc/provider/attach_volume.go:68.46,72.3 3 2
github.com/IBM/ibmcloud-storage-volume-lib/volume-providers/vpc/provider/attach_volume.go:74.44,78.3 3 2
github.com/IBM/ibmcloud-storage-volume-lib/volume-providers/vpc/provider/create_volume.go:26.114,32.16 5 10
github.com/IBM/ibmcloud-storage-volume-lib/volume-providers/vpc/provider/create_volume.go:35.2,54.116 4 3
github.com/IBM/ibmcloud-storage-volume-lib/volume-providers/vpc/provider/create_volume.go:59.2,61.40 3 3
github.com/IBM/ibmcloud-storage-volume-lib/volume-providers/vpc/provider/create_volume.go:66.2,66.16 1 3
github.com/IBM/ibmcloud-storage-volume-lib/volume-providers/vpc/provider/create_volume.go:71.2,75.28 3 2
github.com/IBM/ibmcloud-storage-volume-lib/volume-providers/vpc/provider/create_volume.go:32.16,34.3 1 7
github.com/IBM/ibmcloud-storage-volume-lib/volume-providers/vpc/provider/create_volume.go:54.116,57.3 2 1
github.com/IBM/ibmcloud-storage-volume-lib/volume-providers/vpc/provider/create_volume.go:61.40,64.3 2 7
github.com/IBM/ibmcloud-storage-volume-lib/volume-providers/vpc/provider/create_volume.go:66.16,69.3 2 1
github.com/IBM/ibmcloud-storage-volume-lib/volume-providers/vpc/provider/create_volume.go:79.96,84.31 4 10
github.com/IBM/ibmcloud-storage-volume-lib/volume-providers/vpc/provider/create_volume.go:91.2,91.35 1 8
github.com/IBM/ibmcloud-storage-volume-lib/volume-providers/vpc/provider/create_volume.go:98.2,98.31 1 6
github.com/IBM/ibmcloud-storage-volume-lib/volume-providers/vpc/provider/create_volume.go:101.2,101.71 1 6
github.com/IBM/ibmcloud-storage-volume-lib/volume-providers/vpc/provider/create_volume.go:106.2,106.50 1 5
github.com/IBM/ibmcloud-storage-volume-lib/volume-providers/vpc/provider/create_volume.go:111.2,111.112 1 4
github.com/IBM/ibmcloud-storage-volume-lib/volume-providers/vpc/provider/create_volume.go:115.2,115.55 1 3
github.com/IBM/ibmcloud-storage-volume-lib/volume-providers/vpc/provider/create_volume.go:118.2,118.57 1 3
github.com/IBM/ibmcloud-storage-volume-lib/volume-providers/vpc/provider/create_volume.go:122.2,122.33 1 3
github.com/IBM/ibmcloud-storage-volume-lib/volume-providers/vpc/provider/create_volume.go:84.31,86.3 1 1
github.com/IBM/ibmcloud-storage-volume-lib/volume-providers/vpc/provider/create_volume.go:86.8,86.42 1 9
github.com/IBM/ibmcloud-storage-volume-lib/volume-providers/vpc/provider/create_volume.go:86.42,88.3 1 1
github.com/IBM/ibmcloud-storage-volume-lib/volume-providers/vpc/provider/create_volume.go:91.35,93.3 1 1
github.com/IBM/ibmcloud-storage-volume-lib/volume-providers/vpc/provider/create_volume.go:93.8,93.46 1 7
github.com/IBM/ibmcloud-storage-volume-lib/volume-providers/vpc/provider/create_volume.go:93.46,95.3 1 1
github.com/IBM/ibmcloud-storage-volume-lib/volume-providers/vpc/provider/create_volume.go:98.31,100.3 1 5
github.com/IBM/ibmcloud-storage-volume-lib/volume-providers/vpc/provider/create_volume.go:101.71,103.3 1 1
github.com/IBM/ibmcloud-storage-volume-lib/volume-providers/vpc/provider/create_volume.go:106.50,108.3 1 1
github.com/IBM/ibmcloud-storage-volume-lib/volume-providers/vpc/provider/create_volume.go:111.112,113.3 1 1
github.com/IBM/ibmcloud-storage-volume-lib/volume-providers/vpc/provider/create_volume.go:115.55,117.3 1 3
github.com/IBM/ibmcloud-storage-volume-lib/volume-providers/vpc/provider/create_volume.go:118.57,121.3 1 3
github.com/IBM/ibmcloud-storage-volume-lib/volume-providers/vpc/provider/wait_for_attach_volume.go:22.148,27.16 5 0
github.com/IBM/ibmcloud-storage-volume-lib/volume-providers/vpc/provider/wait_for_attach_volume.go:30.2,33.35 4 0
github.com/IBM/ibmcloud-storage-volume-lib/volume-providers/vpc/provider/wait_for_attach_volume.go:50.2,53.21 3 0
github.com/IBM/ibmcloud-storage-volume-lib/volume-providers/vpc/provider/wait_for_attach_volume.go:27.16,29.3 1 0
github.com/IBM/ibmcloud-storage-volume-lib/volume-providers/vpc/provider/wait_for_attach_volume.go:33.35,35.69 2 0
github.com/IBM/ibmcloud-storage-volume-lib/volume-providers/vpc/provider/wait_for_attach_volume.go:46.3,48.31 3 0
github.com/IBM/ibmcloud-storage-volume-lib/volume-providers/vpc/provider/wait_for_attach_volume.go:35.69,39.4 2 0
github.com/IBM/ibmcloud-storage-volume-lib/volume-providers/vpc/provider/wait_for_attach_volume.go:39.9,39.27 1 0
github.com/IBM/ibmcloud-storage-volume-lib/volume-providers/vpc/provider/wait_for_attach_volume.go:39.27,44.4 3 0
